This is pdfTeX, Version 3.1415926-1.40.10 (TeX Live 2009/Debian) (format=pdftex 2011.9.9)  3 MAR 2012 10:16
entering extended mode
 %&-line parsing enabled.
**use_case.tex
(./use_case.tex
! Undefined control sequence.
l.1 \documentclass
                  [a4paper]{article}
? 
! Undefined control sequence.
l.3 \usepackage
               {mypack}
? 
! Undefined control sequence.
l.4 \usepackage
               [ampersand]{easylist}
? 
! Undefined control sequence.
l.5 \usepackage
               {fullpage}
? 
! Undefined control sequence.
l.6 \setlength
              {\parindent}{0cm}
? 
! Missing number, treated as zero.
<to be read again> 
                   }
l.6 \setlength{\parindent}
                          {0cm}
? 
! Illegal unit of measure (pt inserted).
<to be read again> 
                   }
l.6 \setlength{\parindent}
                          {0cm}
? 
! Undefined control sequence.
l.7 \begin
          {document}
? 
! Undefined control sequence.
l.9 \section
            {Usecases}
? 
! Undefined control sequence.
l.10 \emph
          {
? 
! Argument of \\ has an extra }.
<inserted text> 
                \par 
<to be read again> 
                   }
l.13 }
      
? 
Runaway argument?
 Etasjeknapp: Knappene inne i heisen som bestemmer hvor heisen skal g\ETC.
! Paragraph ended before \\ was complete.
<to be read again> 
                   \par 
<to be read again> 
                   }
l.13 }
      
? 
! Undefined control sequence.
l.14 \subsection
                *{Oppstart}
? 
! Undefined control sequence.
l.15 \begin
           {minipage}{0.47\textwidth}
? 
! Undefined control sequence.
l.15 \begin{minipage}{0.47\textwidth
                                    }
? 
! Missing $ inserted.
<inserted text> 
                $
<to be read again> 
                   \underline 
l.16 \underline
               {Precondition:}
? 
! Missing $ inserted.
<inserted text> 
                $
<to be read again> 
                   \par 
l.18 
     
? 
! Missing $ inserted.
<inserted text> 
                $
<to be read again> 
                   \underline 
l.19 \underline
               {Trigger:}
? 
! Missing $ inserted.
<inserted text> 
                $
<to be read again> 
                   \par 
l.21 
     
? 
! Missing $ inserted.
<inserted text> 
                $
<to be read again> 
                   \underline 
l.22 \underline
               {Suksesscenario:}
? 
! Undefined control sequence.
l.23 \begin
           {enumerate}
? 
! Missing $ inserted.
<inserted text> 
                $
<to be read again> 
                   \par 
\item ->\par 
             \hang \textindent 
l.24 	\item
            Sjekk etasjesensor
? 
Missing character: There is no ø in font cmr10!
[1{/var/lib/texmf/fonts/map/pdftex/updmap/pdftex.map}] )</usr/share/texmf-texli
ve/fonts/type1/public/amsfonts/cm/cmmi10.pfb></usr/share/texmf-texlive/fonts/ty
pe1/public/amsfonts/cm/cmr10.pfb>
Output written on use_case.pdf (1 page, 30071 bytes).
PDF statistics:
 14 PDF objects out of 1000 (max. 8388607)
 0 named destinations out of 1000 (max. 500000)
 1 words of extra memory for PDF output out of 10000 (max. 10000000)

